<?xml version="1.0" encoding="UTF-8"?>
<testsuite name="com.github.dhslrl321.MainKtTest" tests="1" skipped="0" failures="0" errors="0" timestamp="2023-04-18T12:21:39" hostname="jangwonikui-MacBookPro.local" time="0.011">
  <properties/>
  <testcase name="hello test" classname="com.github.dhslrl321.MainKtTest" time="0.011"/>
  <system-out><![CDATA[]]></system-out>
  <system-err><![CDATA[]]></system-err>
</testsuite>
