<?xml version="1.0" encoding="UTF-8"?>
<testsuite name="com.github.dhslrl321.core.ProxyTest" tests="1" skipped="0" failures="0" errors="0" timestamp="2023-04-18T12:21:40" hostname="jangwonikui-MacBookPro.local" time="0.01">
  <properties/>
  <testcase name="Then: proxy 는 `!!` 를 마지막에 붙여준다" classname="com.github.dhslrl321.core.ProxyTest" time="0.01"/>
  <system-out><![CDATA[]]></system-out>
  <system-err><![CDATA[]]></system-err>
</testsuite>
